[2014-08-19 16:54:49 INFO ] [main] (com.ict.wxparser.parser.WXParser:62) - Success to open the FileReader.
[2014-08-19 16:54:49 INFO ] [main] (com.ict.wxparser.parser.WXParser:135) - The new line is: {"WxId":"8a926c68a40bf050d425defcd30c56244b698b9c","SendTime":1406260146,"FansCount":61,"MsgType":49,"}
[2014-08-19 16:54:49 INFO ] [main] (com.ict.wxparser.parser.WXParser:177) - Begin to analyze the html...
[2014-08-19 16:54:50 ERROR] [main] (com.ict.wxparser.parser.WXParserHtmlCleaner:36) - The id page-content wasn't found, return null
[2014-08-19 16:54:50 INFO ] [main] (com.ict.wxparser.parser.WXParser:179) - Analyze the html successfully.
[2014-08-19 16:54:50 INFO ] [main] (com.ict.wxparser.parser.WXParser:135) - The new line is: {"WxId":"af3d528e575930b6247d80106a5b08150b4e177f","SendTime":1406260147,"FansCount":21,"MsgType":49,"}
[2014-08-19 16:54:50 INFO ] [main] (com.ict.wxparser.parser.WXParser:177) - Begin to analyze the html...
[2014-08-19 16:54:50 INFO ] [main] (com.ict.wxparser.parser.WXParser:179) - Analyze the html successfully.
[2014-08-19 16:54:50 INFO ] [main] (com.ict.wxparser.parser.WXParser:135) - The new line is: {"WxId":"715418932a694c724b9a3760dfe5427750daa247","SendTime":1406260148,"FansCount":19,"MsgType":49,"}
[2014-08-19 16:54:50 INFO ] [main] (com.ict.wxparser.parser.WXParser:177) - Begin to analyze the html...
[2014-08-19 16:54:50 INFO ] [main] (com.ict.wxparser.parser.WXParser:179) - Analyze the html successfully.
[2014-08-19 16:54:50 INFO ] [main] (com.ict.wxparser.parser.WXParser:135) - The new line is: {"WxId":"6fbe9a027c91cec1d9a6ea3286bfadbadde52f8e","SendTime":1406260148,"FansCount":1003,"MsgType":49,"}
[2014-08-19 16:54:50 INFO ] [main] (com.ict.wxparser.parser.WXParser:177) - Begin to analyze the html...
[2014-08-19 16:54:50 INFO ] [main] (com.ict.wxparser.parser.WXParser:179) - Analyze the html successfully.
[2014-08-19 16:54:50 INFO ] [main] (com.ict.wxparser.parser.WXParser:135) - The new line is: {"WxId":"b1118dff59502a394e9873965c6718c5a2eeda3b","SendTime":1406260149,"FansCount":122,"MsgType":49,"}
[2014-08-19 16:54:50 INFO ] [main] (com.ict.wxparser.parser.WXParser:177) - Begin to analyze the html...
[2014-08-19 16:54:50 INFO ] [main] (com.ict.wxparser.parser.WXParser:179) - Analyze the html successfully.
[2014-08-19 16:54:50 INFO ] [main] (com.ict.wxparser.parser.WXParser:177) - Begin to analyze the html...
[2014-08-19 16:54:50 INFO ] [main] (com.ict.wxparser.parser.WXParser:179) - Analyze the html successfully.
[2014-08-19 16:54:50 INFO ] [main] (com.ict.wxparser.parser.WXParser:135) - The new line is: {"WxId":"e861f6537dcc6ce5e6547555445526fed5adf6da","SendTime":1406260149,"FansCount":89,"MsgType":49,"}
[2014-08-19 16:54:50 INFO ] [main] (com.ict.wxparser.parser.WXParser:177) - Begin to analyze the html...
[2014-08-19 16:54:50 INFO ] [main] (com.ict.wxparser.parser.WXParser:179) - Analyze the html successfully.
[2014-08-19 16:54:50 INFO ] [main] (com.ict.wxparser.parser.WXParser:177) - Begin to analyze the html...
[2014-08-19 16:54:50 INFO ] [main] (com.ict.wxparser.parser.WXParser:179) - Analyze the html successfully.
[2014-08-19 16:54:50 INFO ] [main] (com.ict.wxparser.parser.WXParser:177) - Begin to analyze the html...
[2014-08-19 16:54:50 INFO ] [main] (com.ict.wxparser.parser.WXParser:179) - Analyze the html successfully.
[2014-08-19 16:54:50 INFO ] [main] (com.ict.wxparser.parser.WXParser:177) - Begin to analyze the html...
[2014-08-19 16:54:50 INFO ] [main] (com.ict.wxparser.parser.WXParser:179) - Analyze the html successfully.
[2014-08-19 16:54:50 INFO ] [main] (com.ict.wxparser.parser.WXParser:177) - Begin to analyze the html...
[2014-08-19 16:54:50 INFO ] [main] (com.ict.wxparser.parser.WXParser:179) - Analyze the html successfully.
[2014-08-19 16:54:50 INFO ] [main] (com.ict.wxparser.parser.WXParser:177) - Begin to analyze the html...
[2014-08-19 16:54:50 INFO ] [main] (com.ict.wxparser.parser.WXParser:179) - Analyze the html successfully.
[2014-08-19 16:54:50 INFO ] [main] (com.ict.wxparser.parser.WXParser:135) - The new line is: {"WxId":"bc34a8afe4aae8e84d6a9026ece2a696d7104ab0","SendTime":1406260149,"FansCount":46,"MsgType":49,"}
[2014-08-19 16:54:50 INFO ] [main] (com.ict.wxparser.parser.WXParser:177) - Begin to analyze the html...
[2014-08-19 16:54:50 INFO ] [main] (com.ict.wxparser.parser.WXParser:179) - Analyze the html successfully.
[2014-08-19 16:54:50 INFO ] [main] (com.ict.wxparser.parser.WXParser:177) - Begin to analyze the html...
[2014-08-19 16:54:50 INFO ] [main] (com.ict.wxparser.parser.WXParser:179) - Analyze the html successfully.
[2014-08-19 16:54:50 INFO ] [main] (com.ict.wxparser.parser.WXParser:177) - Begin to analyze the html...
[2014-08-19 16:54:50 INFO ] [main] (com.ict.wxparser.parser.WXParser:179) - Analyze the html successfully.
[2014-08-19 16:54:50 INFO ] [main] (com.ict.wxparser.parser.WXParser:135) - The new line is: {"WxId":"51f20d5534466570754b08e0585de0c24c3282ee","SendTime":1406260149,"FansCount":1622,"MsgType":49,"}
[2014-08-19 16:54:51 INFO ] [main] (com.ict.wxparser.parser.WXParser:177) - Begin to analyze the html...
[2014-08-19 16:54:51 INFO ] [main] (com.ict.wxparser.parser.WXParser:179) - Analyze the html successfully.
[2014-08-19 16:54:51 INFO ] [main] (com.ict.wxparser.parser.WXParser:177) - Begin to analyze the html...
[2014-08-19 16:54:51 INFO ] [main] (com.ict.wxparser.parser.WXParser:179) - Analyze the html successfully.
[2014-08-19 16:54:51 INFO ] [main] (com.ict.wxparser.parser.WXParser:135) - The new line is: {"WxId":"6eb506ae7dc38c29d7696e22e1edb851bf98c6f2","SendTime":1406260150,"FansCount":1119,"MsgType":49,"}
[2014-08-19 16:54:51 INFO ] [main] (com.ict.wxparser.parser.WXParser:177) - Begin to analyze the html...
[2014-08-19 16:54:51 INFO ] [main] (com.ict.wxparser.parser.WXParser:179) - Analyze the html successfully.
[2014-08-19 16:54:51 INFO ] [main] (com.ict.wxparser.parser.WXParser:135) - The new line is: {"WxId":"9263919636d1cd634f2fcf631bb38ce177df2fa0","SendTime":1406260151,"FansCount":199,"MsgType":49,"}
[2014-08-19 16:54:51 INFO ] [main] (com.ict.wxparser.parser.WXParser:177) - Begin to analyze the html...
[2014-08-19 16:54:51 INFO ] [main] (com.ict.wxparser.parser.WXParser:179) - Analyze the html successfully.
[2014-08-19 16:54:51 INFO ] [main] (com.ict.wxparser.parser.WXParser:135) - The new line is: {"WxId":"d6d9cd9caf8deaeed723ebd766aec31fa462a5bf","SendTime":1406260150,"FansCount":397,"MsgType":49,"}
[2014-08-19 16:54:51 INFO ] [main] (com.ict.wxparser.parser.WXParser:177) - Begin to analyze the html...
[2014-08-19 16:54:51 INFO ] [main] (com.ict.wxparser.parser.WXParser:179) - Analyze the html successfully.
[2014-08-19 16:54:51 INFO ] [main] (com.ict.wxparser.parser.WXParser:135) - The new line is: {"WxId":"d435a303a464d2bef9012395ec908a59c4a2f64b","SendTime":1406260151,"FansCount":9,"MsgType":49,"}
[2014-08-19 16:54:51 INFO ] [main] (com.ict.wxparser.parser.WXParser:177) - Begin to analyze the html...
[2014-08-19 16:54:51 INFO ] [main] (com.ict.wxparser.parser.WXParser:179) - Analyze the html successfully.
[2014-08-19 16:54:51 INFO ] [main] (com.ict.wxparser.parser.WXParser:135) - The new line is: {"WxId":"339f20d12dbf42ce507bdfba5a0005c958fedeef","SendTime":1406260151,"FansCount":288,"MsgType":49,"}
[2014-08-19 16:54:51 INFO ] [main] (com.ict.wxparser.parser.WXParser:177) - Begin to analyze the html...
[2014-08-19 16:54:51 INFO ] [main] (com.ict.wxparser.parser.WXParser:179) - Analyze the html successfully.
[2014-08-19 16:54:51 INFO ] [main] (com.ict.wxparser.parser.WXParser:177) - Begin to analyze the html...
[2014-08-19 16:54:51 INFO ] [main] (com.ict.wxparser.parser.WXParser:179) - Analyze the html successfully.
[2014-08-19 16:54:51 INFO ] [main] (com.ict.wxparser.parser.WXParser:177) - Begin to analyze the html...
[2014-08-19 16:54:51 INFO ] [main] (com.ict.wxparser.parser.WXParser:179) - Analyze the html successfully.
[2014-08-19 16:54:51 INFO ] [main] (com.ict.wxparser.parser.WXParser:177) - Begin to analyze the html...
[2014-08-19 16:54:51 INFO ] [main] (com.ict.wxparser.parser.WXParser:179) - Analyze the html successfully.
[2014-08-19 16:54:51 INFO ] [main] (com.ict.wxparser.parser.WXParser:177) - Begin to analyze the html...
[2014-08-19 16:54:51 INFO ] [main] (com.ict.wxparser.parser.WXParser:179) - Analyze the html successfully.
[2014-08-19 16:54:51 INFO ] [main] (com.ict.wxparser.parser.WXParser:177) - Begin to analyze the html...
[2014-08-19 16:54:51 INFO ] [main] (com.ict.wxparser.parser.WXParser:179) - Analyze the html successfully.
[2014-08-19 16:54:51 INFO ] [main] (com.ict.wxparser.parser.WXParser:177) - Begin to analyze the html...
[2014-08-19 16:54:51 INFO ] [main] (com.ict.wxparser.parser.WXParser:179) - Analyze the html successfully.
[2014-08-19 16:54:51 INFO ] [main] (com.ict.wxparser.parser.WXParser:177) - Begin to analyze the html...
[2014-08-19 16:54:51 INFO ] [main] (com.ict.wxparser.parser.WXParser:179) - Analyze the html successfully.
[2014-08-19 16:54:51 INFO ] [main] (com.ict.wxparser.parser.WXParser:135) - The new line is: {"WxId":"6469dcc9917ccf5941391a8fb66d5d169ff2e1f6","SendTime":1406260152,"FansCount":942,"MsgType":49,"}
[2014-08-19 16:54:51 INFO ] [main] (com.ict.wxparser.parser.WXParser:177) - Begin to analyze the html...
[2014-08-19 16:54:51 INFO ] [main] (com.ict.wxparser.parser.WXParser:179) - Analyze the html successfully.
[2014-08-19 16:54:51 INFO ] [main] (com.ict.wxparser.parser.WXParser:177) - Begin to analyze the html...
[2014-08-19 16:54:51 INFO ] [main] (com.ict.wxparser.parser.WXParser:179) - Analyze the html successfully.
[2014-08-19 16:54:51 INFO ] [main] (com.ict.wxparser.parser.WXParser:135) - The new line is: {"WxId":"672d43711eb33492d14b9440fdedee163fbc67d1","SendTime":1406260151,"FansCount":3603,"MsgType":49,"}
[2014-08-19 16:54:51 INFO ] [main] (com.ict.wxparser.parser.WXParser:177) - Begin to analyze the html...
[2014-08-19 16:54:51 INFO ] [main] (com.ict.wxparser.parser.WXParser:179) - Analyze the html successfully.
[2014-08-19 16:54:51 INFO ] [main] (com.ict.wxparser.parser.WXParser:135) - The new line is: {"WxId":"c601619065da518717f393930c0927322130a21a","SendTime":1406260152,"FansCount":58,"MsgType":49,"}
[2014-08-19 16:54:51 INFO ] [main] (com.ict.wxparser.parser.WXParser:177) - Begin to analyze the html...
[2014-08-19 16:54:51 INFO ] [main] (com.ict.wxparser.parser.WXParser:179) - Analyze the html successfully.
[2014-08-19 16:54:51 INFO ] [main] (com.ict.wxparser.parser.WXParser:135) - The new line is: {"WxId":"02ddb7be19931b3e78ce5340089df1d9d0a7eb5e","SendTime":1406260153,"FansCount":24,"MsgType":49,"}
[2014-08-19 16:54:51 INFO ] [main] (com.ict.wxparser.parser.WXParser:177) - Begin to analyze the html...
[2014-08-19 16:54:51 INFO ] [main] (com.ict.wxparser.parser.WXParser:179) - Analyze the html successfully.
[2014-08-19 16:54:51 INFO ] [main] (com.ict.wxparser.parser.WXParser:135) - The new line is: {"WxId":"7b1b88aa8dc1ae28b9a6c0ffb40c943030abcfeb","SendTime":1406260153,"FansCount":518,"MsgType":49,"}
[2014-08-19 16:54:51 INFO ] [main] (com.ict.wxparser.parser.WXParser:177) - Begin to analyze the html...
[2014-08-19 16:54:51 INFO ] [main] (com.ict.wxparser.parser.WXParser:179) - Analyze the html successfully.
[2014-08-19 16:54:51 INFO ] [main] (com.ict.wxparser.parser.WXParser:135) - The new line is: {"WxId":"8e6a3414dd88c34a0f163b67384f12afad3eba36","SendTime":1406260151,"FansCount":37,"MsgType":49,"}
[2014-08-19 16:54:51 INFO ] [main] (com.ict.wxparser.parser.WXParser:177) - Begin to analyze the html...
[2014-08-19 16:54:51 INFO ] [main] (com.ict.wxparser.parser.WXParser:179) - Analyze the html successfully.
[2014-08-19 16:54:51 INFO ] [main] (com.ict.wxparser.parser.WXParser:177) - Begin to analyze the html...
[2014-08-19 16:54:51 INFO ] [main] (com.ict.wxparser.parser.WXParser:179) - Analyze the html successfully.
[2014-08-19 16:54:51 INFO ] [main] (com.ict.wxparser.parser.WXParser:177) - Begin to analyze the html...
[2014-08-19 16:54:51 INFO ] [main] (com.ict.wxparser.parser.WXParser:179) - Analyze the html successfully.
[2014-08-19 16:54:51 INFO ] [main] (com.ict.wxparser.parser.WXParser:177) - Begin to analyze the html...
[2014-08-19 16:54:51 INFO ] [main] (com.ict.wxparser.parser.WXParser:179) - Analyze the html successfully.
[2014-08-19 16:54:51 INFO ] [main] (com.ict.wxparser.parser.WXParser:135) - The new line is: {"WxId":"6846bf35e9d98934b7b160548c2698030e070599","SendTime":1406260154,"FansCount":36,"MsgType":49,"}
[2014-08-19 16:54:51 INFO ] [main] (com.ict.wxparser.parser.WXParser:177) - Begin to analyze the html...
[2014-08-19 16:54:51 ERROR] [main] (com.ict.wxparser.parser.WXParserHtmlCleaner:36) - The id page-content wasn't found, return null
[2014-08-19 16:54:51 INFO ] [main] (com.ict.wxparser.parser.WXParser:179) - Analyze the html successfully.
[2014-08-19 16:54:51 INFO ] [main] (com.ict.wxparser.parser.WXParser:177) - Begin to analyze the html...
[2014-08-19 16:54:51 ERROR] [main] (com.ict.wxparser.parser.WXParserHtmlCleaner:36) - The id page-content wasn't found, return null
[2014-08-19 16:54:51 INFO ] [main] (com.ict.wxparser.parser.WXParser:179) - Analyze the html successfully.
[2014-08-19 16:54:51 INFO ] [main] (com.ict.wxparser.parser.WXParser:177) - Begin to analyze the html...
[2014-08-19 16:54:51 ERROR] [main] (com.ict.wxparser.parser.WXParserHtmlCleaner:36) - The id page-content wasn't found, return null
[2014-08-19 16:54:51 INFO ] [main] (com.ict.wxparser.parser.WXParser:179) - Analyze the html successfully.
[2014-08-19 16:54:51 INFO ] [main] (com.ict.wxparser.parser.WXParser:177) - Begin to analyze the html...
[2014-08-19 16:54:51 ERROR] [main] (com.ict.wxparser.parser.WXParserHtmlCleaner:36) - The id page-content wasn't found, return null
[2014-08-19 16:54:51 INFO ] [main] (com.ict.wxparser.parser.WXParser:179) - Analyze the html successfully.
